2024-07-23 21:48:11,614 [Worker-5: Loading available Gradle versions] INFO  o.e.b.c.i.u.g.PublishedGradleVersions - Gradle version information cache is up-to-date. Trying to read.
2024-07-23 21:50:58,938 [Worker-7: Loading available Gradle versions] INFO  o.e.b.c.i.u.g.PublishedGradleVersions - Gradle version information cache is up-to-date. Trying to read.
2024-07-23 21:51:43,392 [Worker-6: Importing Maven projects] INFO  o.e.m.c.i.l.LifecycleMappingFactory - Using org.eclipse.m2e.jdt.JarLifecycleMapping lifecycle mapping for MavenProject: www.ecomproject.com:01-Discovery_Service:0.0.1-SNAPSHOT @ D:\E-Commerce_Project_Workspace\01-Discovery_Service\pom.xml.
2024-07-23 21:51:48,500 [Worker-6: Importing Maven projects] INFO  o.e.m.j.i.AbstractJavaProjectConfigurator - Adding source folder /01-Discovery_Service/src/main/java
2024-07-23 21:51:48,506 [Worker-6: Importing Maven projects] INFO  o.e.m.j.i.AbstractJavaProjectConfigurator - Adding resource folder /01-Discovery_Service/src/main/resources
2024-07-23 21:51:48,508 [Worker-6: Importing Maven projects] INFO  o.e.m.j.i.AbstractJavaProjectConfigurator - Adding resource folder /01-Discovery_Service/src/main/resources
2024-07-23 21:51:48,511 [Worker-6: Importing Maven projects] INFO  o.e.m.j.i.AbstractJavaProjectConfigurator - Adding source folder /01-Discovery_Service/src/test/java
2024-07-23 21:51:48,513 [Worker-6: Importing Maven projects] INFO  o.e.m.j.i.AbstractJavaProjectConfigurator - Adding resource folder /01-Discovery_Service/src/test/resources
2024-07-23 21:51:49,722 [Worker-6: Importing Maven projects] INFO  o.e.m.c.i.p.ProjectConfigurationManager - Imported and configured 1 project(s) in 11 sec
2024-07-23 21:51:49,906 [Worker-0: Updating Maven Project] INFO  o.e.m.c.i.p.ProjectConfigurationManager - Update started
2024-07-23 21:51:50,954 [Worker-0: Updating Maven Project] INFO  o.e.m.c.i.l.LifecycleMappingFactory - Using org.eclipse.m2e.jdt.JarLifecycleMapping lifecycle mapping for MavenProject: www.ecomproject.com:01-Discovery_Service:0.0.1-SNAPSHOT @ D:\E-Commerce_Project_Workspace\01-Discovery_Service\pom.xml.
2024-07-23 21:51:53,621 [Worker-0: Updating Maven Project] INFO  o.e.m.j.i.AbstractJavaProjectConfigurator - Adding source folder /01-Discovery_Service/src/main/java
2024-07-23 21:51:53,622 [Worker-0: Updating Maven Project] INFO  o.e.m.j.i.AbstractJavaProjectConfigurator - Adding resource folder /01-Discovery_Service/src/main/resources
2024-07-23 21:51:53,624 [Worker-0: Updating Maven Project] INFO  o.e.m.j.i.AbstractJavaProjectConfigurator - Adding resource folder /01-Discovery_Service/src/main/resources
2024-07-23 21:51:53,626 [Worker-0: Updating Maven Project] INFO  o.e.m.j.i.AbstractJavaProjectConfigurator - Adding source folder /01-Discovery_Service/src/test/java
2024-07-23 21:51:53,627 [Worker-0: Updating Maven Project] INFO  o.e.m.j.i.AbstractJavaProjectConfigurator - Adding resource folder /01-Discovery_Service/src/test/resources
2024-07-23 21:51:55,148 [Worker-0: Updating Maven Project] INFO  o.e.m.c.i.p.ProjectConfigurationManager - Update completed for 1 poms: local refresh takes 0.00 sec, refresh facades takes 3.00 sec, update config takes 1.00 sec 
2024-07-23 21:51:58,548 [Worker-6: Building] INFO  o.a.m.s.f.DefaultMavenResourcesFiltering - Copying 2 resources from src\main\resources to target\classes
2024-07-23 21:51:58,589 [Worker-6: Building] INFO  o.a.m.s.f.DefaultMavenResourcesFiltering - Copying 0 resource from src\main\resources to target\classes
2024-07-23 21:51:58,599 [Worker-6: Building] INFO  o.a.m.s.f.DefaultMavenResourcesFiltering - skip non existing resourceDirectory D:\E-Commerce_Project_Workspace\01-Discovery_Service\src\test\resources
2024-07-23 21:52:56,044 [Worker-11: Importing Maven projects] INFO  o.e.m.c.i.e.AbstractTransferListenerAdapter - Downloading https://repo.spring.io/snapshot/org/springframework/boot/spring-boot-maven-plugin/3.2.7-SNAPSHOT/maven-metadata.xml
2024-07-23 21:52:56,066 [Worker-11: Importing Maven projects] INFO  o.e.m.c.i.e.AbstractTransferListenerAdapter - Downloaded https://repo.spring.io/snapshot/org/springframework/boot/spring-boot-maven-plugin/3.2.7-SNAPSHOT/maven-metadata.xml
2024-07-23 21:52:56,372 [Worker-11: Importing Maven projects] INFO  o.e.m.c.i.l.LifecycleMappingFactory - Using org.eclipse.m2e.jdt.JarLifecycleMapping lifecycle mapping for MavenProject: www.ecomproject.com:02-Admin-Server:0.0.1-SNAPSHOT @ D:\E-Commerce_Project_Workspace\02-Admin-Server\pom.xml.
2024-07-23 21:52:58,571 [Worker-11: Importing Maven projects] INFO  o.e.m.j.i.AbstractJavaProjectConfigurator - Adding source folder /02-Admin-Server/src/main/java
2024-07-23 21:52:58,572 [Worker-11: Importing Maven projects] INFO  o.e.m.j.i.AbstractJavaProjectConfigurator - Adding resource folder /02-Admin-Server/src/main/resources
2024-07-23 21:52:58,574 [Worker-11: Importing Maven projects] INFO  o.e.m.j.i.AbstractJavaProjectConfigurator - Adding resource folder /02-Admin-Server/src/main/resources
2024-07-23 21:52:58,576 [Worker-11: Importing Maven projects] INFO  o.e.m.j.i.AbstractJavaProjectConfigurator - Adding source folder /02-Admin-Server/src/test/java
2024-07-23 21:52:58,577 [Worker-11: Importing Maven projects] INFO  o.e.m.j.i.AbstractJavaProjectConfigurator - Adding resource folder /02-Admin-Server/src/test/resources
2024-07-23 21:52:58,929 [Worker-11: Importing Maven projects] INFO  o.e.m.c.i.p.ProjectConfigurationManager - Imported and configured 1 project(s) in 5 sec
2024-07-23 21:52:59,431 [Worker-5: Building] INFO  o.a.m.s.f.DefaultMavenResourcesFiltering - Copying 2 resources from src\main\resources to target\classes
2024-07-23 21:52:59,455 [Worker-5: Building] INFO  o.a.m.s.f.DefaultMavenResourcesFiltering - Copying 0 resource from src\main\resources to target\classes
2024-07-23 21:52:59,462 [Worker-5: Building] INFO  o.a.m.s.f.DefaultMavenResourcesFiltering - skip non existing resourceDirectory D:\E-Commerce_Project_Workspace\02-Admin-Server\src\test\resources
2024-07-23 21:53:21,987 [Worker-0: Importing Maven projects] INFO  o.e.m.c.i.l.LifecycleMappingFactory - Using org.eclipse.m2e.jdt.JarLifecycleMapping lifecycle mapping for MavenProject: www.ecomproject.com:03-Config-Server:0.0.1-SNAPSHOT @ D:\E-Commerce_Project_Workspace\03-Config-Server\pom.xml.
2024-07-23 21:53:23,673 [Worker-0: Importing Maven projects] INFO  o.e.m.j.i.AbstractJavaProjectConfigurator - Adding source folder /03-Config-Server/src/main/java
2024-07-23 21:53:23,674 [Worker-0: Importing Maven projects] INFO  o.e.m.j.i.AbstractJavaProjectConfigurator - Adding resource folder /03-Config-Server/src/main/resources
2024-07-23 21:53:23,675 [Worker-0: Importing Maven projects] INFO  o.e.m.j.i.AbstractJavaProjectConfigurator - Adding resource folder /03-Config-Server/src/main/resources
2024-07-23 21:53:23,676 [Worker-0: Importing Maven projects] INFO  o.e.m.j.i.AbstractJavaProjectConfigurator - Adding source folder /03-Config-Server/src/test/java
2024-07-23 21:53:23,678 [Worker-0: Importing Maven projects] INFO  o.e.m.j.i.AbstractJavaProjectConfigurator - Adding resource folder /03-Config-Server/src/test/resources
2024-07-23 21:53:24,182 [Worker-0: Importing Maven projects] INFO  o.e.m.c.i.p.ProjectConfigurationManager - Imported and configured 1 project(s) in 2 sec
2024-07-23 21:53:24,901 [Worker-10: Building] INFO  o.a.m.s.f.DefaultMavenResourcesFiltering - Copying 2 resources from src\main\resources to target\classes
2024-07-23 21:53:24,930 [Worker-10: Building] INFO  o.a.m.s.f.DefaultMavenResourcesFiltering - Copying 0 resource from src\main\resources to target\classes
2024-07-23 21:53:24,937 [Worker-10: Building] INFO  o.a.m.s.f.DefaultMavenResourcesFiltering - skip non existing resourceDirectory D:\E-Commerce_Project_Workspace\03-Config-Server\src\test\resources
2024-07-23 21:53:44,689 [Worker-12: Importing Maven projects] INFO  o.e.m.c.i.l.LifecycleMappingFactory - Using org.eclipse.m2e.jdt.JarLifecycleMapping lifecycle mapping for MavenProject: www.ecomproject.com:04-Auth-Service:0.0.1-SNAPSHOT @ D:\E-Commerce_Project_Workspace\04-Auth-Service\pom.xml.
2024-07-23 21:53:47,325 [Worker-12: Importing Maven projects] INFO  o.e.m.j.i.AbstractJavaProjectConfigurator - Adding source folder /04-Auth-Service/src/main/java
2024-07-23 21:53:47,326 [Worker-12: Importing Maven projects] INFO  o.e.m.j.i.AbstractJavaProjectConfigurator - Adding resource folder /04-Auth-Service/src/main/resources
2024-07-23 21:53:47,327 [Worker-12: Importing Maven projects] INFO  o.e.m.j.i.AbstractJavaProjectConfigurator - Adding resource folder /04-Auth-Service/src/main/resources
2024-07-23 21:53:47,328 [Worker-12: Importing Maven projects] INFO  o.e.m.j.i.AbstractJavaProjectConfigurator - Adding source folder /04-Auth-Service/src/test/java
2024-07-23 21:53:47,329 [Worker-12: Importing Maven projects] INFO  o.e.m.j.i.AbstractJavaProjectConfigurator - Adding resource folder /04-Auth-Service/src/test/resources
2024-07-23 21:53:48,490 [Worker-12: Importing Maven projects] INFO  o.e.m.c.i.p.ProjectConfigurationManager - Imported and configured 1 project(s) in 4 sec
2024-07-23 21:53:50,241 [Worker-20: Building] INFO  o.a.m.s.f.DefaultMavenResourcesFiltering - Copying 2 resources from src\main\resources to target\classes
2024-07-23 21:53:50,271 [Worker-20: Building] INFO  o.a.m.s.f.DefaultMavenResourcesFiltering - Copying 0 resource from src\main\resources to target\classes
2024-07-23 21:53:50,278 [Worker-20: Building] INFO  o.a.m.s.f.DefaultMavenResourcesFiltering - skip non existing resourceDirectory D:\E-Commerce_Project_Workspace\04-Auth-Service\src\test\resources
